INFO:     LOCAL_DEV_AUTH_BYPASS=1
/Users/ambermooney/Desktop/TAAIP/.venv/lib/python3.9/site-packages/pydantic/_internal/_config.py:383: UserWarning: Valid config keys have changed in V2:
* 'orm_mode' has been renamed to 'from_attributes'
  warnings.warn(message, UserWarning)
WARNING:root:LOCAL_DEV_AUTH_BYPASS enabled: JWT validation will be bypassed for local development
WARNING:root:TAAIP_MASTER_MODE enabled: granting master permissions to local user
/Users/ambermooney/Desktop/TAAIP/.venv/lib/python3.9/site-packages/pydantic/_internal/_config.py:383: UserWarning: Valid config keys have changed in V2:
* 'orm_mode' has been renamed to 'from_attributes'
  warnings.warn(message, UserWarning)
INFO:     Mounted frontend static assets at /Users/ambermooney/Desktop/TAAIP/apps/web/build/static
INFO:     Started server process [26780]
INFO:     Waiting for application startup.
INFO:     DB path: ./data/taaip.sqlite3
INFO:     TAAIP_BACKFILL_ON_STARTUP not enabled; skipping runtime backfills
INFO:     Runtime migrations applied
INFO:     RBAC seed applied
INFO:     Export storage dir ensured: ./data/exports
INFO:     Application startup complete.
INFO:     Uvicorn running on http://127.0.0.1:8000 (Press CTRL+C to quit)
init_schema: requested_path=./data/taaip.sqlite3, test_raw_conn_path=None
connect: opened new sqlite3 conn for path=./data/taaip.sqlite3
connect: opened new sqlite3 conn for path=./data/taaip.sqlite3
connect: opened new sqlite3 conn for path=./data/taaip.sqlite3
connect: opened new sqlite3 conn for path=./data/taaip.sqlite3
INFO:     127.0.0.1:49984 - "GET /health HTTP/1.1" 200 OK
connect: opened new sqlite3 conn for path=./data/taaip.sqlite3
INFO:     127.0.0.1:49990 - "GET /api/import/jobs?limit=5 HTTP/1.1" 200 OK
connect: opened new sqlite3 conn for path=./data/taaip.sqlite3
INFO:     127.0.0.1:49991 - "POST /api/import/commit HTTP/1.1" 200 OK
connect: opened new sqlite3 conn for path=./data/taaip.sqlite3
INFO:     127.0.0.1:49992 - "POST /api/import/commit HTTP/1.1" 200 OK
connect: opened new sqlite3 conn for path=./data/taaip.sqlite3
INFO:     127.0.0.1:49998 - "GET /api/import/jobs?limit=5 HTTP/1.1" 200 OK
connect: opened new sqlite3 conn for path=./data/taaip.sqlite3
INFO:     127.0.0.1:49999 - "POST /api/import/5/parse HTTP/1.1" 200 OK
INFO:     127.0.0.1:50000 - "POST /api/import/5/commit HTTP/1.1" 405 Method Not Allowed
connect: opened new sqlite3 conn for path=./data/taaip.sqlite3
INFO:     127.0.0.1:50001 - "POST /api/import/3/parse HTTP/1.1" 200 OK
INFO:     127.0.0.1:50002 - "POST /api/import/3/commit HTTP/1.1" 405 Method Not Allowed
connect: opened new sqlite3 conn for path=./data/taaip.sqlite3
INFO:     127.0.0.1:50003 - "POST /api/import/4/parse HTTP/1.1" 200 OK
INFO:     127.0.0.1:50004 - "POST /api/import/4/commit HTTP/1.1" 405 Method Not Allowed
connect: opened new sqlite3 conn for path=./data/taaip.sqlite3
INFO:     127.0.0.1:50005 - "POST /api/import/2/parse HTTP/1.1" 500 Internal Server Error
ERROR:    Exception in ASGI application
Traceback (most recent call last):
  File "/Users/ambermooney/Desktop/TAAIP/.venv/lib/python3.9/site-packages/uvicorn/protocols/http/httptools_impl.py", line 415, in run_asgi
    result = await app(  # type: ignore[func-returns-value]
  File "/Users/ambermooney/Desktop/TAAIP/.venv/lib/python3.9/site-packages/uvicorn/middleware/proxy_headers.py", line 60, in __call__
    return await self.app(scope, receive, send)
  File "/Users/ambermooney/Desktop/TAAIP/.venv/lib/python3.9/site-packages/fastapi/applications.py", line 1138, in __call__
    await super().__call__(scope, receive, send)
  File "/Users/ambermooney/Desktop/TAAIP/.venv/lib/python3.9/site-packages/starlette/applications.py", line 113, in __call__
    await self.middleware_stack(scope, receive, send)
  File "/Users/ambermooney/Desktop/TAAIP/.venv/lib/python3.9/site-packages/starlette/middleware/errors.py", line 186, in __call__
    raise exc
  File "/Users/ambermooney/Desktop/TAAIP/.venv/lib/python3.9/site-packages/starlette/middleware/errors.py", line 164, in __call__
    await self.app(scope, receive, _send)
  File "/Users/ambermooney/Desktop/TAAIP/.venv/lib/python3.9/site-packages/starlette/middleware/cors.py", line 85, in __call__
    await self.app(scope, receive, send)
  File "/Users/ambermooney/Desktop/TAAIP/.venv/lib/python3.9/site-packages/starlette/middleware/exceptions.py", line 63, in __call__
    await wrap_app_handling_exceptions(self.app, conn)(scope, receive, send)
  File "/Users/ambermooney/Desktop/TAAIP/.venv/lib/python3.9/site-packages/starlette/_exception_handler.py", line 53, in wrapped_app
    raise exc
  File "/Users/ambermooney/Desktop/TAAIP/.venv/lib/python3.9/site-packages/starlette/_exception_handler.py", line 42, in wrapped_app
    await app(scope, receive, sender)
  File "/Users/ambermooney/Desktop/TAAIP/.venv/lib/python3.9/site-packages/fastapi/middleware/asyncexitstack.py", line 18, in __call__
    await self.app(scope, receive, send)
  File "/Users/ambermooney/Desktop/TAAIP/.venv/lib/python3.9/site-packages/starlette/routing.py", line 716, in __call__
    await self.middleware_stack(scope, receive, send)
  File "/Users/ambermooney/Desktop/TAAIP/.venv/lib/python3.9/site-packages/starlette/routing.py", line 736, in app
    await route.handle(scope, receive, send)
  File "/Users/ambermooney/Desktop/TAAIP/.venv/lib/python3.9/site-packages/starlette/routing.py", line 290, in handle
    await self.app(scope, receive, send)
  File "/Users/ambermooney/Desktop/TAAIP/.venv/lib/python3.9/site-packages/fastapi/routing.py", line 121, in app
    await wrap_app_handling_exceptions(app, request)(scope, receive, send)
  File "/Users/ambermooney/Desktop/TAAIP/.venv/lib/python3.9/site-packages/starlette/_exception_handler.py", line 53, in wrapped_app
    raise exc
  File "/Users/ambermooney/Desktop/TAAIP/.venv/lib/python3.9/site-packages/starlette/_exception_handler.py", line 42, in wrapped_app
    await app(scope, receive, sender)
  File "/Users/ambermooney/Desktop/TAAIP/.venv/lib/python3.9/site-packages/fastapi/routing.py", line 107, in app
    response = await f(request)
  File "/Users/ambermooney/Desktop/TAAIP/.venv/lib/python3.9/site-packages/fastapi/routing.py", line 426, in app
    raw_response = await run_endpoint_function(
  File "/Users/ambermooney/Desktop/TAAIP/.venv/lib/python3.9/site-packages/fastapi/routing.py", line 316, in run_endpoint_function
    return await run_in_threadpool(dependant.call, **values)
  File "/Users/ambermooney/Desktop/TAAIP/.venv/lib/python3.9/site-packages/starlette/concurrency.py", line 38, in run_in_threadpool
    return await anyio.to_thread.run_sync(func)
  File "/Users/ambermooney/Desktop/TAAIP/.venv/lib/python3.9/site-packages/anyio/to_thread.py", line 56, in run_sync
    return await get_async_backend().run_sync_in_worker_thread(
  File "/Users/ambermooney/Desktop/TAAIP/.venv/lib/python3.9/site-packages/anyio/_backends/_asyncio.py", line 2485, in run_sync_in_worker_thread
    return await future
  File "/Users/ambermooney/Desktop/TAAIP/.venv/lib/python3.9/site-packages/anyio/_backends/_asyncio.py", line 976, in run
    result = context.run(func, *args)
  File "/Users/ambermooney/Desktop/TAAIP/services/api/app/routers/imports.py", line 868, in parse_job
    cur.execute('UPDATE import_job SET status=?, notes=?, updated_at=? WHERE id=?', ('mapping_required', 'Parsing for this file type is not automated in local dev. Please provide mapping.', now_iso(), job_id))
sqlite3.OperationalError: no such column: notes
INFO:     127.0.0.1:50006 - "POST /api/import/2/commit HTTP/1.1" 405 Method Not Allowed
connect: opened new sqlite3 conn for path=./data/taaip.sqlite3
INFO:     127.0.0.1:50007 - "POST /api/import/1/parse HTTP/1.1" 500 Internal Server Error
ERROR:    Exception in ASGI application
Traceback (most recent call last):
  File "/Users/ambermooney/Desktop/TAAIP/.venv/lib/python3.9/site-packages/uvicorn/protocols/http/httptools_impl.py", line 415, in run_asgi
    result = await app(  # type: ignore[func-returns-value]
  File "/Users/ambermooney/Desktop/TAAIP/.venv/lib/python3.9/site-packages/uvicorn/middleware/proxy_headers.py", line 60, in __call__
    return await self.app(scope, receive, send)
  File "/Users/ambermooney/Desktop/TAAIP/.venv/lib/python3.9/site-packages/fastapi/applications.py", line 1138, in __call__
    await super().__call__(scope, receive, send)
  File "/Users/ambermooney/Desktop/TAAIP/.venv/lib/python3.9/site-packages/starlette/applications.py", line 113, in __call__
    await self.middleware_stack(scope, receive, send)
  File "/Users/ambermooney/Desktop/TAAIP/.venv/lib/python3.9/site-packages/starlette/middleware/errors.py", line 186, in __call__
    raise exc
  File "/Users/ambermooney/Desktop/TAAIP/.venv/lib/python3.9/site-packages/starlette/middleware/errors.py", line 164, in __call__
    await self.app(scope, receive, _send)
  File "/Users/ambermooney/Desktop/TAAIP/.venv/lib/python3.9/site-packages/starlette/middleware/cors.py", line 85, in __call__
    await self.app(scope, receive, send)
  File "/Users/ambermooney/Desktop/TAAIP/.venv/lib/python3.9/site-packages/starlette/middleware/exceptions.py", line 63, in __call__
    await wrap_app_handling_exceptions(self.app, conn)(scope, receive, send)
  File "/Users/ambermooney/Desktop/TAAIP/.venv/lib/python3.9/site-packages/starlette/_exception_handler.py", line 53, in wrapped_app
    raise exc
  File "/Users/ambermooney/Desktop/TAAIP/.venv/lib/python3.9/site-packages/starlette/_exception_handler.py", line 42, in wrapped_app
    await app(scope, receive, sender)
  File "/Users/ambermooney/Desktop/TAAIP/.venv/lib/python3.9/site-packages/fastapi/middleware/asyncexitstack.py", line 18, in __call__
    await self.app(scope, receive, send)
  File "/Users/ambermooney/Desktop/TAAIP/.venv/lib/python3.9/site-packages/starlette/routing.py", line 716, in __call__
    await self.middleware_stack(scope, receive, send)
  File "/Users/ambermooney/Desktop/TAAIP/.venv/lib/python3.9/site-packages/starlette/routing.py", line 736, in app
    await route.handle(scope, receive, send)
  File "/Users/ambermooney/Desktop/TAAIP/.venv/lib/python3.9/site-packages/starlette/routing.py", line 290, in handle
    await self.app(scope, receive, send)
  File "/Users/ambermooney/Desktop/TAAIP/.venv/lib/python3.9/site-packages/fastapi/routing.py", line 121, in app
    await wrap_app_handling_exceptions(app, request)(scope, receive, send)
  File "/Users/ambermooney/Desktop/TAAIP/.venv/lib/python3.9/site-packages/starlette/_exception_handler.py", line 53, in wrapped_app
    raise exc
  File "/Users/ambermooney/Desktop/TAAIP/.venv/lib/python3.9/site-packages/starlette/_exception_handler.py", line 42, in wrapped_app
    await app(scope, receive, sender)
  File "/Users/ambermooney/Desktop/TAAIP/.venv/lib/python3.9/site-packages/fastapi/routing.py", line 107, in app
    response = await f(request)
  File "/Users/ambermooney/Desktop/TAAIP/.venv/lib/python3.9/site-packages/fastapi/routing.py", line 426, in app
    raw_response = await run_endpoint_function(
  File "/Users/ambermooney/Desktop/TAAIP/.venv/lib/python3.9/site-packages/fastapi/routing.py", line 316, in run_endpoint_function
    return await run_in_threadpool(dependant.call, **values)
  File "/Users/ambermooney/Desktop/TAAIP/.venv/lib/python3.9/site-packages/starlette/concurrency.py", line 38, in run_in_threadpool
    return await anyio.to_thread.run_sync(func)
  File "/Users/ambermooney/Desktop/TAAIP/.venv/lib/python3.9/site-packages/anyio/to_thread.py", line 56, in run_sync
    return await get_async_backend().run_sync_in_worker_thread(
  File "/Users/ambermooney/Desktop/TAAIP/.venv/lib/python3.9/site-packages/anyio/_backends/_asyncio.py", line 2485, in run_sync_in_worker_thread
    return await future
  File "/Users/ambermooney/Desktop/TAAIP/.venv/lib/python3.9/site-packages/anyio/_backends/_asyncio.py", line 976, in run
    result = context.run(func, *args)
  File "/Users/ambermooney/Desktop/TAAIP/services/api/app/routers/imports.py", line 868, in parse_job
    cur.execute('UPDATE import_job SET status=?, notes=?, updated_at=? WHERE id=?', ('mapping_required', 'Parsing for this file type is not automated in local dev. Please provide mapping.', now_iso(), job_id))
sqlite3.OperationalError: no such column: notes
INFO:     127.0.0.1:50008 - "POST /api/import/1/commit HTTP/1.1" 405 Method Not Allowed
connect: opened new sqlite3 conn for path=./data/taaip.sqlite3
INFO:     127.0.0.1:50035 - "GET /api/import/jobs?limit=10 HTTP/1.1" 200 OK
connect: opened new sqlite3 conn for path=./data/taaip.sqlite3
INFO:     127.0.0.1:50036 - "POST /api/import/5/parse HTTP/1.1" 200 OK
INFO:     127.0.0.1:50037 - "POST /api/import/5/commit HTTP/1.1" 405 Method Not Allowed
connect: opened new sqlite3 conn for path=./data/taaip.sqlite3
INFO:     127.0.0.1:50038 - "POST /api/import/3/parse HTTP/1.1" 200 OK
INFO:     127.0.0.1:50039 - "POST /api/import/3/commit HTTP/1.1" 405 Method Not Allowed
connect: opened new sqlite3 conn for path=./data/taaip.sqlite3
INFO:     127.0.0.1:50040 - "POST /api/import/4/parse HTTP/1.1" 200 OK
INFO:     127.0.0.1:50042 - "POST /api/import/4/commit HTTP/1.1" 405 Method Not Allowed
connect: opened new sqlite3 conn for path=./data/taaip.sqlite3
INFO:     127.0.0.1:50043 - "POST /api/import/2/parse HTTP/1.1" 500 Internal Server Error
ERROR:    Exception in ASGI application
Traceback (most recent call last):
  File "/Users/ambermooney/Desktop/TAAIP/.venv/lib/python3.9/site-packages/uvicorn/protocols/http/httptools_impl.py", line 415, in run_asgi
    result = await app(  # type: ignore[func-returns-value]
  File "/Users/ambermooney/Desktop/TAAIP/.venv/lib/python3.9/site-packages/uvicorn/middleware/proxy_headers.py", line 60, in __call__
    return await self.app(scope, receive, send)
  File "/Users/ambermooney/Desktop/TAAIP/.venv/lib/python3.9/site-packages/fastapi/applications.py", line 1138, in __call__
    await super().__call__(scope, receive, send)
  File "/Users/ambermooney/Desktop/TAAIP/.venv/lib/python3.9/site-packages/starlette/applications.py", line 113, in __call__
    await self.middleware_stack(scope, receive, send)
  File "/Users/ambermooney/Desktop/TAAIP/.venv/lib/python3.9/site-packages/starlette/middleware/errors.py", line 186, in __call__
    raise exc
  File "/Users/ambermooney/Desktop/TAAIP/.venv/lib/python3.9/site-packages/starlette/middleware/errors.py", line 164, in __call__
    await self.app(scope, receive, _send)
  File "/Users/ambermooney/Desktop/TAAIP/.venv/lib/python3.9/site-packages/starlette/middleware/cors.py", line 85, in __call__
    await self.app(scope, receive, send)
  File "/Users/ambermooney/Desktop/TAAIP/.venv/lib/python3.9/site-packages/starlette/middleware/exceptions.py", line 63, in __call__
    await wrap_app_handling_exceptions(self.app, conn)(scope, receive, send)
  File "/Users/ambermooney/Desktop/TAAIP/.venv/lib/python3.9/site-packages/starlette/_exception_handler.py", line 53, in wrapped_app
    raise exc
  File "/Users/ambermooney/Desktop/TAAIP/.venv/lib/python3.9/site-packages/starlette/_exception_handler.py", line 42, in wrapped_app
    await app(scope, receive, sender)
  File "/Users/ambermooney/Desktop/TAAIP/.venv/lib/python3.9/site-packages/fastapi/middleware/asyncexitstack.py", line 18, in __call__
    await self.app(scope, receive, send)
  File "/Users/ambermooney/Desktop/TAAIP/.venv/lib/python3.9/site-packages/starlette/routing.py", line 716, in __call__
    await self.middleware_stack(scope, receive, send)
  File "/Users/ambermooney/Desktop/TAAIP/.venv/lib/python3.9/site-packages/starlette/routing.py", line 736, in app
    await route.handle(scope, receive, send)
  File "/Users/ambermooney/Desktop/TAAIP/.venv/lib/python3.9/site-packages/starlette/routing.py", line 290, in handle
    await self.app(scope, receive, send)
  File "/Users/ambermooney/Desktop/TAAIP/.venv/lib/python3.9/site-packages/fastapi/routing.py", line 121, in app
    await wrap_app_handling_exceptions(app, request)(scope, receive, send)
  File "/Users/ambermooney/Desktop/TAAIP/.venv/lib/python3.9/site-packages/starlette/_exception_handler.py", line 53, in wrapped_app
    raise exc
  File "/Users/ambermooney/Desktop/TAAIP/.venv/lib/python3.9/site-packages/starlette/_exception_handler.py", line 42, in wrapped_app
    await app(scope, receive, sender)
  File "/Users/ambermooney/Desktop/TAAIP/.venv/lib/python3.9/site-packages/fastapi/routing.py", line 107, in app
    response = await f(request)
  File "/Users/ambermooney/Desktop/TAAIP/.venv/lib/python3.9/site-packages/fastapi/routing.py", line 426, in app
    raw_response = await run_endpoint_function(
  File "/Users/ambermooney/Desktop/TAAIP/.venv/lib/python3.9/site-packages/fastapi/routing.py", line 316, in run_endpoint_function
    return await run_in_threadpool(dependant.call, **values)
  File "/Users/ambermooney/Desktop/TAAIP/.venv/lib/python3.9/site-packages/starlette/concurrency.py", line 38, in run_in_threadpool
    return await anyio.to_thread.run_sync(func)
  File "/Users/ambermooney/Desktop/TAAIP/.venv/lib/python3.9/site-packages/anyio/to_thread.py", line 56, in run_sync
    return await get_async_backend().run_sync_in_worker_thread(
  File "/Users/ambermooney/Desktop/TAAIP/.venv/lib/python3.9/site-packages/anyio/_backends/_asyncio.py", line 2485, in run_sync_in_worker_thread
    return await future
  File "/Users/ambermooney/Desktop/TAAIP/.venv/lib/python3.9/site-packages/anyio/_backends/_asyncio.py", line 976, in run
    result = context.run(func, *args)
  File "/Users/ambermooney/Desktop/TAAIP/services/api/app/routers/imports.py", line 868, in parse_job
    cur.execute('UPDATE import_job SET status=?, notes=?, updated_at=? WHERE id=?', ('mapping_required', 'Parsing for this file type is not automated in local dev. Please provide mapping.', now_iso(), job_id))
sqlite3.OperationalError: no such column: notes
INFO:     127.0.0.1:50044 - "POST /api/import/2/commit HTTP/1.1" 405 Method Not Allowed
connect: opened new sqlite3 conn for path=./data/taaip.sqlite3
INFO:     127.0.0.1:50045 - "POST /api/import/1/parse HTTP/1.1" 500 Internal Server Error
ERROR:    Exception in ASGI application
Traceback (most recent call last):
  File "/Users/ambermooney/Desktop/TAAIP/.venv/lib/python3.9/site-packages/uvicorn/protocols/http/httptools_impl.py", line 415, in run_asgi
    result = await app(  # type: ignore[func-returns-value]
  File "/Users/ambermooney/Desktop/TAAIP/.venv/lib/python3.9/site-packages/uvicorn/middleware/proxy_headers.py", line 60, in __call__
    return await self.app(scope, receive, send)
  File "/Users/ambermooney/Desktop/TAAIP/.venv/lib/python3.9/site-packages/fastapi/applications.py", line 1138, in __call__
    await super().__call__(scope, receive, send)
  File "/Users/ambermooney/Desktop/TAAIP/.venv/lib/python3.9/site-packages/starlette/applications.py", line 113, in __call__
    await self.middleware_stack(scope, receive, send)
  File "/Users/ambermooney/Desktop/TAAIP/.venv/lib/python3.9/site-packages/starlette/middleware/errors.py", line 186, in __call__
    raise exc
  File "/Users/ambermooney/Desktop/TAAIP/.venv/lib/python3.9/site-packages/starlette/middleware/errors.py", line 164, in __call__
    await self.app(scope, receive, _send)
  File "/Users/ambermooney/Desktop/TAAIP/.venv/lib/python3.9/site-packages/starlette/middleware/cors.py", line 85, in __call__
    await self.app(scope, receive, send)
  File "/Users/ambermooney/Desktop/TAAIP/.venv/lib/python3.9/site-packages/starlette/middleware/exceptions.py", line 63, in __call__
    await wrap_app_handling_exceptions(self.app, conn)(scope, receive, send)
  File "/Users/ambermooney/Desktop/TAAIP/.venv/lib/python3.9/site-packages/starlette/_exception_handler.py", line 53, in wrapped_app
    raise exc
  File "/Users/ambermooney/Desktop/TAAIP/.venv/lib/python3.9/site-packages/starlette/_exception_handler.py", line 42, in wrapped_app
    await app(scope, receive, sender)
  File "/Users/ambermooney/Desktop/TAAIP/.venv/lib/python3.9/site-packages/fastapi/middleware/asyncexitstack.py", line 18, in __call__
    await self.app(scope, receive, send)
  File "/Users/ambermooney/Desktop/TAAIP/.venv/lib/python3.9/site-packages/starlette/routing.py", line 716, in __call__
    await self.middleware_stack(scope, receive, send)
  File "/Users/ambermooney/Desktop/TAAIP/.venv/lib/python3.9/site-packages/starlette/routing.py", line 736, in app
    await route.handle(scope, receive, send)
  File "/Users/ambermooney/Desktop/TAAIP/.venv/lib/python3.9/site-packages/starlette/routing.py", line 290, in handle
    await self.app(scope, receive, send)
  File "/Users/ambermooney/Desktop/TAAIP/.venv/lib/python3.9/site-packages/fastapi/routing.py", line 121, in app
    await wrap_app_handling_exceptions(app, request)(scope, receive, send)
  File "/Users/ambermooney/Desktop/TAAIP/.venv/lib/python3.9/site-packages/starlette/_exception_handler.py", line 53, in wrapped_app
    raise exc
  File "/Users/ambermooney/Desktop/TAAIP/.venv/lib/python3.9/site-packages/starlette/_exception_handler.py", line 42, in wrapped_app
    await app(scope, receive, sender)
  File "/Users/ambermooney/Desktop/TAAIP/.venv/lib/python3.9/site-packages/fastapi/routing.py", line 107, in app
    response = await f(request)
  File "/Users/ambermooney/Desktop/TAAIP/.venv/lib/python3.9/site-packages/fastapi/routing.py", line 426, in app
    raw_response = await run_endpoint_function(
  File "/Users/ambermooney/Desktop/TAAIP/.venv/lib/python3.9/site-packages/fastapi/routing.py", line 316, in run_endpoint_function
    return await run_in_threadpool(dependant.call, **values)
  File "/Users/ambermooney/Desktop/TAAIP/.venv/lib/python3.9/site-packages/starlette/concurrency.py", line 38, in run_in_threadpool
    return await anyio.to_thread.run_sync(func)
  File "/Users/ambermooney/Desktop/TAAIP/.venv/lib/python3.9/site-packages/anyio/to_thread.py", line 56, in run_sync
    return await get_async_backend().run_sync_in_worker_thread(
  File "/Users/ambermooney/Desktop/TAAIP/.venv/lib/python3.9/site-packages/anyio/_backends/_asyncio.py", line 2485, in run_sync_in_worker_thread
    return await future
  File "/Users/ambermooney/Desktop/TAAIP/.venv/lib/python3.9/site-packages/anyio/_backends/_asyncio.py", line 976, in run
    result = context.run(func, *args)
  File "/Users/ambermooney/Desktop/TAAIP/services/api/app/routers/imports.py", line 868, in parse_job
    cur.execute('UPDATE import_job SET status=?, notes=?, updated_at=? WHERE id=?', ('mapping_required', 'Parsing for this file type is not automated in local dev. Please provide mapping.', now_iso(), job_id))
sqlite3.OperationalError: no such column: notes
INFO:     127.0.0.1:50046 - "POST /api/import/1/commit HTTP/1.1" 405 Method Not Allowed
INFO:     Shutting down
INFO:     Waiting for application shutdown.
INFO:     Application shutdown complete.
INFO:     Finished server process [26780]
