INFO:     LOCAL_DEV_AUTH_BYPASS=0
/Users/ambermooney/Library/Mobile Documents/com~apple~CloudDocs/TAAIP/.venv/lib/python3.9/site-packages/pydantic/_internal/_config.py:386: UserWarning: Valid config keys have changed in V2:
* 'orm_mode' has been renamed to 'from_attributes'
  warnings.warn(message, UserWarning)
Traceback (most recent call last):
  File "/Library/Developer/CommandLineTools/Library/Frameworks/Python3.framework/Versions/3.9/lib/python3.9/runpy.py", line 197, in _run_module_as_main
    return _run_code(code, main_globals, None,
  File "/Library/Developer/CommandLineTools/Library/Frameworks/Python3.framework/Versions/3.9/lib/python3.9/runpy.py", line 87, in _run_code
    exec(code, run_globals)
  File "/Users/ambermooney/Library/Mobile Documents/com~apple~CloudDocs/TAAIP/.venv/lib/python3.9/site-packages/uvicorn/__main__.py", line 4, in <module>
    uvicorn.main()
  File "/Users/ambermooney/Library/Mobile Documents/com~apple~CloudDocs/TAAIP/.venv/lib/python3.9/site-packages/click/core.py", line 1161, in __call__
    return self.main(*args, **kwargs)
  File "/Users/ambermooney/Library/Mobile Documents/com~apple~CloudDocs/TAAIP/.venv/lib/python3.9/site-packages/click/core.py", line 1082, in main
    rv = self.invoke(ctx)
  File "/Users/ambermooney/Library/Mobile Documents/com~apple~CloudDocs/TAAIP/.venv/lib/python3.9/site-packages/click/core.py", line 1443, in invoke
    return ctx.invoke(self.callback, **ctx.params)
  File "/Users/ambermooney/Library/Mobile Documents/com~apple~CloudDocs/TAAIP/.venv/lib/python3.9/site-packages/click/core.py", line 788, in invoke
    return __callback(*args, **kwargs)
  File "/Users/ambermooney/Library/Mobile Documents/com~apple~CloudDocs/TAAIP/.venv/lib/python3.9/site-packages/uvicorn/main.py", line 423, in main
    run(
  File "/Users/ambermooney/Library/Mobile Documents/com~apple~CloudDocs/TAAIP/.venv/lib/python3.9/site-packages/uvicorn/main.py", line 593, in run
    server.run()
  File "/Users/ambermooney/Library/Mobile Documents/com~apple~CloudDocs/TAAIP/.venv/lib/python3.9/site-packages/uvicorn/server.py", line 67, in run
    return asyncio_run(self.serve(sockets=sockets), loop_factory=self.config.get_loop_factory())
  File "/Users/ambermooney/Library/Mobile Documents/com~apple~CloudDocs/TAAIP/.venv/lib/python3.9/site-packages/uvicorn/_compat.py", line 60, in asyncio_run
    return loop.run_until_complete(main)
  File "/Library/Developer/CommandLineTools/Library/Frameworks/Python3.framework/Versions/3.9/lib/python3.9/asyncio/base_events.py", line 642, in run_until_complete
    return future.result()
  File "/Users/ambermooney/Library/Mobile Documents/com~apple~CloudDocs/TAAIP/.venv/lib/python3.9/site-packages/uvicorn/server.py", line 71, in serve
    await self._serve(sockets)
  File "/Users/ambermooney/Library/Mobile Documents/com~apple~CloudDocs/TAAIP/.venv/lib/python3.9/site-packages/uvicorn/server.py", line 78, in _serve
    config.load()
  File "/Users/ambermooney/Library/Mobile Documents/com~apple~CloudDocs/TAAIP/.venv/lib/python3.9/site-packages/uvicorn/config.py", line 439, in load
    self.loaded_app = import_from_string(self.app)
  File "/Users/ambermooney/Library/Mobile Documents/com~apple~CloudDocs/TAAIP/.venv/lib/python3.9/site-packages/uvicorn/importer.py", line 19, in import_from_string
    module = importlib.import_module(module_str)
  File "/Library/Developer/CommandLineTools/Library/Frameworks/Python3.framework/Versions/3.9/lib/python3.9/importlib/__init__.py", line 127, in import_module
    return _bootstrap._gcd_import(name[level:], package, level)
  File "<frozen importlib._bootstrap>", line 1030, in _gcd_import
  File "<frozen importlib._bootstrap>", line 1007, in _find_and_load
  File "<frozen importlib._bootstrap>", line 986, in _find_and_load_unlocked
  File "<frozen importlib._bootstrap>", line 680, in _load_unlocked
  File "<frozen importlib._bootstrap_external>", line 850, in exec_module
  File "<frozen importlib._bootstrap>", line 228, in _call_with_frames_removed
  File "/Users/ambermooney/Library/Mobile Documents/com~apple~CloudDocs/TAAIP/services/api/app/main.py", line 28, in <module>
    from . import api_ingest
  File "/Users/ambermooney/Library/Mobile Documents/com~apple~CloudDocs/TAAIP/services/api/app/api_ingest.py", line 4, in <module>
    from . import auth, models_ingest, models
  File "/Users/ambermooney/Library/Mobile Documents/com~apple~CloudDocs/TAAIP/services/api/app/ingest.py", line 3, in <module>
    import pandas as pd
  File "/Users/ambermooney/Library/Mobile Documents/com~apple~CloudDocs/TAAIP/.venv/lib/python3.9/site-packages/pandas/__init__.py", line 14, in <module>
    __import__(_dependency)
  File "/Users/ambermooney/Library/Mobile Documents/com~apple~CloudDocs/TAAIP/.venv/lib/python3.9/site-packages/numpy/__init__.py", line 181, in <module>
    from . import lib
  File "/Users/ambermooney/Library/Mobile Documents/com~apple~CloudDocs/TAAIP/.venv/lib/python3.9/site-packages/numpy/lib/__init__.py", line 23, in <module>
    from . import _index_tricks_impl
  File "/Users/ambermooney/Library/Mobile Documents/com~apple~CloudDocs/TAAIP/.venv/lib/python3.9/site-packages/numpy/lib/_index_tricks_impl.py", line 12, in <module>
    import numpy.matrixlib as matrixlib
  File "/Users/ambermooney/Library/Mobile Documents/com~apple~CloudDocs/TAAIP/.venv/lib/python3.9/site-packages/numpy/matrixlib/__init__.py", line 4, in <module>
    from . import defmatrix
  File "/Users/ambermooney/Library/Mobile Documents/com~apple~CloudDocs/TAAIP/.venv/lib/python3.9/site-packages/numpy/matrixlib/defmatrix.py", line 12, in <module>
    from numpy.linalg import matrix_power
  File "/Users/ambermooney/Library/Mobile Documents/com~apple~CloudDocs/TAAIP/.venv/lib/python3.9/site-packages/numpy/linalg/__init__.py", line 88, in <module>
    from . import _linalg
  File "/Users/ambermooney/Library/Mobile Documents/com~apple~CloudDocs/TAAIP/.venv/lib/python3.9/site-packages/numpy/linalg/_linalg.py", line 41, in <module>
    from numpy._typing import NDArray
  File "/Users/ambermooney/Library/Mobile Documents/com~apple~CloudDocs/TAAIP/.venv/lib/python3.9/site-packages/numpy/_typing/__init__.py", line 95, in <module>
    from ._nbit import (
  File "<frozen importlib._bootstrap>", line 1007, in _find_and_load
  File "<frozen importlib._bootstrap>", line 986, in _find_and_load_unlocked
  File "<frozen importlib._bootstrap>", line 680, in _load_unlocked
  File "<frozen importlib._bootstrap_external>", line 846, in exec_module
  File "<frozen importlib._bootstrap_external>", line 982, in get_code
  File "<frozen importlib._bootstrap_external>", line 1040, in get_data
TimeoutError: [Errno 60] Operation timed out
ng/__init__.py", line 95, in <module>
    from ._nbit import (
  File "<frozen importlib._bootstrap>", line 1007, in _find_and_load
  File "<frozen importlib._bootstrap>", line 986, in _find_and_load_unlocked
  File "<frozen importlib._bootstrap>", line 680, in _load_unlocked
  File "<frozen importlib._bootstrap_external>", line 846, in exec_module
  File "<frozen importlib._bootstrap_external>", line 982, in get_code
  File "<frozen importlib._bootstrap_external>", line 1040, in get_data
TimeoutError: [Errno 60] Operation timed out
t NDArray
  File "/Users/ambermooney/Library/Mobile Documents/com~apple~CloudDocs/TAAIP/.venv/lib/python3.9/site-packages/numpy/_typing/__init__.py", line 95, in <module>
    from ._nbit import (
  File "<frozen importlib._bootstrap>", line 1007, in _find_and_load
  File "<frozen importlib._bootstrap>", line 986, in _find_and_load_unlocked
  File "<frozen importlib._bootstrap>", line 680, in _load_unlocked
  File "<frozen importlib._bootstrap_external>", line 846, in exec_module
  File "<frozen importlib._bootstrap_external>", line 982, in get_code
  File "<frozen importlib._bootstrap_external>", line 1040, in get_data
TimeoutError: [Errno 60] Operation timed out
